<?xml version="1.0" encoding="UTF-8"?>
<testsuite xmlns:xsi="http://www.w3.org/2001/XMLSchema-instance" xsi:noNamespaceSchemaLocation="https://maven.apache.org/surefire/maven-surefire-plugin/xsd/surefire-test-report.xsd" name="search_feature" time="33.675" tests="5" errors="0" skipped="0" failures="0">
  <properties>
[...]
</properties>
  <testcase name="TC01_tesla_search #1" classname="search_feature" time="9.264"/>
  <testcase name="TC01_tesla_search #2" classname="search_feature" time="6.244"/>
  <testcase name="TC01_tesla_search #3" classname="search_feature" time="6.643"/>
  <testcase name="TC01_tesla_search #4" classname="search_feature" time="5.93"/>
  <testcase name="TC01_tesla_search #5" classname="search_feature" time="5.592"/>
</testsuite>